<?xml version="1.0" encoding="UTF-8"?>
<!-- Generated by org.testng.reporters.JUnitXMLReporter -->
<testsuite ignored="0" hostname="LAPTOP-OL5JOLO1" failures="0" tests="5" name="Default test" time="80.704" errors="0" timestamp="2021-07-05T17:16:22 IST">
  <testcase classname="tests.LoginTest3WithDp" name="logintest" time="29.181"/>
  <testcase classname="tests.LoginTest3WithDp" name="logintest" time="10.006"/>
  <testcase classname="tests.LoginTest3WithDp" name="logintest" time="9.412"/>
  <testcase classname="tests.LoginTest3WithDp" name="logintest" time="16.452"/>
  <testcase classname="tests.LoginTest3WithDp" name="logintest" time="15.605"/>
</testsuite> <!-- Default test -->
