<?xml version="1.0" encoding="UTF-8"?>
<!-- Generated by org.testng.reporters.JUnitXMLReporter -->
<testsuite ignored="0" hostname="LAPTOP-OL5JOLO1" failures="0" tests="4" name="Iteration3" time="42.104" errors="0" timestamp="2021-07-07T13:40:51 IST">
  <testcase classname="tests.LoginTest4WithXml" name="launch" time="35.902"/>
  <testcase classname="tests.LoginTest4WithXml" name="uidTest" time="5.422"/>
  <testcase classname="tests.LoginTest4WithXml" name="pwdTest" time="0.0"/>
  <testcase classname="tests.LoginTest4WithXml" name="close" time="0.716"/>
</testsuite> <!-- Iteration3 -->
