<?xml version="1.0" encoding="UTF-8"?>
<!-- Generated by org.testng.reporters.JUnitXMLReporter -->
<testsuite ignored="0" hostname="LAPTOP-OL5JOLO1" failures="0" tests="4" name="Iteration5" time="47.401" errors="0" timestamp="2021-07-07T13:40:56 IST">
  <testcase classname="tests.LoginTest4WithXml" name="launch" time="35.746"/>
  <testcase classname="tests.LoginTest4WithXml" name="uidTest" time="5.447"/>
  <testcase classname="tests.LoginTest4WithXml" name="pwdTest" time="5.391"/>
  <testcase classname="tests.LoginTest4WithXml" name="close" time="0.756"/>
</testsuite> <!-- Iteration5 -->
