<?xml version="1.0" encoding="UTF-8"?>
<!-- Generated by org.testng.reporters.JUnitXMLReporter -->
<testsuite ignored="0" hostname="LAPTOP-OL5JOLO1" failures="1" tests="4" name="Iteration6" time="110.883" errors="0" timestamp="2021-07-07T13:38:50 IST">
  <testcase classname="tests.LoginTest4WithXml" name="launch" time="32.44"/>
  <testcase classname="tests.LoginTest4WithXml" name="uidTest" time="5.853"/>
  <testcase classname="tests.LoginTest4WithXml" name="pwdTest" time="71.593">
    <failure type="java.lang.AssertionError" message="null">
      <![CDATA[java.lang.AssertionError: null
at tests.LoginTest4WithXml.pwdTest(LoginTest4WithXml.java:186)
at java.base/java.util.ArrayList.forEach(ArrayList.java:1511)
at java.base/java.util.concurrent.FutureTask.run(FutureTask.java:264)
at java.base/java.util.concurrent.ThreadPoolExecutor.runWorker(ThreadPoolExecutor.java:1130)
at java.base/java.util.concurrent.ThreadPoolExecutor$Worker.run(ThreadPoolExecutor.java:630)
at java.base/java.lang.Thread.run(Thread.java:832)
... Removed 20 stack frames]]>
    </failure>
  </testcase> <!-- pwdTest -->
  <testcase classname="tests.LoginTest4WithXml" name="close" time="0.983"/>
</testsuite> <!-- Iteration6 -->
