<?xml version="1.0" encoding="UTF-8"?>
<!-- Generated by org.testng.reporters.JUnitXMLReporter -->
<testsuite ignored="0" hostname="LAPTOP-OL5JOLO1" failures="0" tests="4" name="Iteration7" time="30.774" errors="0" timestamp="2021-07-07T13:37:31 IST">
  <testcase classname="tests.LoginTest4WithXml" name="launch" time="24.108"/>
  <testcase classname="tests.LoginTest4WithXml" name="uidTest" time="5.543"/>
  <testcase classname="tests.LoginTest4WithXml" name="pwdTest" time="0.0"/>
  <testcase classname="tests.LoginTest4WithXml" name="close" time="1.11"/>
</testsuite> <!-- Iteration7 -->
