<?xml version="1.0" encoding="UTF-8"?>
<!-- Generated by org.testng.reporters.JUnitXMLReporter -->
<testsuite ignored="0" hostname="LAPTOP-OL5JOLO1" failures="0" tests="4" name="Test" time="9.063" errors="0" timestamp="2021-07-05T13:27:44 IST">
  <testcase classname="practicetestng.DummyTest2" name="method1" time="5.777"/>
  <testcase classname="practicetestng.DummyTest1" name="method1" time="6.127"/>
  <testcase classname="practicetestng.DummyTest2" name="method2" time="7.455"/>
  <testcase classname="practicetestng.DummyTest1" name="method2" time="9.028"/>
</testsuite> <!-- Test -->
