<?xml version="1.0" encoding="UTF-8"?>
<testng-results ignored="0" total="20" passed="20" failed="0" skipped="0">
  <reporter-output>
    <line>
      <![CDATA[uid blank test passed]]>
    </line>
    <line>
      <![CDATA[No need to test password]]>
    </line>
    <line>
      <![CDATA[valid uid test passed]]>
    </line>
    <line>
      <![CDATA[valid uid test passed]]>
    </line>
    <line>
      <![CDATA[valid uid test passed]]>
    </line>
    <line>
      <![CDATA[uid invalid test passed]]>
    </line>
    <line>
      <![CDATA[No need to test password]]>
    </line>
    <line>
      <![CDATA[blank pwd test passed]]>
    </line>
    <line>
      <![CDATA[invalid pwd test passed]]>
    </line>
    <line>
      <![CDATA[valid pwd test passed]]>
    </line>
  </reporter-output>
  <suite started-at="2021-07-07T13:40:09 IST" name="Suite" finished-at="2021-07-07T13:42:32 IST" duration-ms="143378">
    <groups>
    </groups>
    <test started-at="2021-07-07T13:40:09 IST" name="Iteration2" finished-at="2021-07-07T13:40:38 IST" duration-ms="28723">
      <class name="tests.LoginTest4WithXml">
        <test-method is-config="true" signature="setup()[pri:0, instance:tests.LoginTest4WithXml@2cb4893b]" started-at="2021-07-07T13:40:09 IST" name="setup" finished-at="2021-07-07T13:40:09 IST" duration-ms="15" status="PASS">
          <reporter-output>
          </reporter-output>
        </test-method> <!-- setup -->
        <test-method signature="launch(java.lang.String)[pri:1, instance:tests.LoginTest4WithXml@2cb4893b]" started-at="2021-07-07T13:40:09 IST" name="launch" finished-at="2021-07-07T13:40:31 IST" duration-ms="22313" status="PASS">
          <params>
            <param index="0">
              <value>
                <![CDATA[chrome]]>
              </value>
            </param>
          </params>
          <reporter-output>
          </reporter-output>
        </test-method> <!-- launch -->
        <test-method signature="uidTest(java.lang.String,java.lang.String)[pri:2, instance:tests.LoginTest4WithXml@2cb4893b]" started-at="2021-07-07T13:40:31 IST" name="uidTest" finished-at="2021-07-07T13:40:37 IST" duration-ms="5505" status="PASS">
          <params>
            <param index="0">
              <value>
                <![CDATA[]]>
              </value>
            </param>
            <param index="1">
              <value>
                <![CDATA[blank]]>
              </value>
            </param>
          </params>
          <reporter-output>
            <line>
              <![CDATA[uid blank test passed]]>
            </line>
          </reporter-output>
        </test-method> <!-- uidTest -->
        <test-method signature="pwdTest(java.lang.String,java.lang.String)[pri:3, instance:tests.LoginTest4WithXml@2cb4893b]" started-at="2021-07-07T13:40:37 IST" name="pwdTest" finished-at="2021-07-07T13:40:37 IST" depends-on-methods="tests.LoginTest4WithXml.uidTest" duration-ms="1" status="PASS">
          <params>
            <param index="0">
              <value>
                <![CDATA[N/A]]>
              </value>
            </param>
            <param index="1">
              <value>
                <![CDATA[N/A]]>
              </value>
            </param>
          </params>
          <reporter-output>
            <line>
              <![CDATA[No need to test password]]>
            </line>
          </reporter-output>
        </test-method> <!-- pwdTest -->
        <test-method signature="close()[pri:4, instance:tests.LoginTest4WithXml@2cb4893b]" started-at="2021-07-07T13:40:37 IST" name="close" finished-at="2021-07-07T13:40:38 IST" duration-ms="828" status="PASS">
          <reporter-output>
          </reporter-output>
        </test-method> <!-- close -->
      </class> <!-- tests.LoginTest4WithXml -->
    </test> <!-- Iteration2 -->
    <test started-at="2021-07-07T13:40:09 IST" name="Iteration3" finished-at="2021-07-07T13:40:51 IST" duration-ms="42104">
      <class name="tests.LoginTest4WithXml">
        <test-method is-config="true" signature="setup()[pri:0, instance:tests.LoginTest4WithXml@413d1baf]" started-at="2021-07-07T13:40:09 IST" name="setup" finished-at="2021-07-07T13:40:09 IST" duration-ms="15" status="PASS">
          <reporter-output>
          </reporter-output>
        </test-method> <!-- setup -->
        <test-method signature="launch(java.lang.String)[pri:1, instance:tests.LoginTest4WithXml@413d1baf]" started-at="2021-07-07T13:40:09 IST" name="launch" finished-at="2021-07-07T13:40:45 IST" duration-ms="35902" status="PASS">
          <params>
            <param index="0">
              <value>
                <![CDATA[chrome]]>
              </value>
            </param>
          </params>
          <reporter-output>
          </reporter-output>
        </test-method> <!-- launch -->
        <test-method signature="uidTest(java.lang.String,java.lang.String)[pri:2, instance:tests.LoginTest4WithXml@413d1baf]" started-at="2021-07-07T13:40:45 IST" name="uidTest" finished-at="2021-07-07T13:40:50 IST" duration-ms="5422" status="PASS">
          <params>
            <param index="0">
              <value>
                <![CDATA[tester51]]>
              </value>
            </param>
            <param index="1">
              <value>
                <![CDATA[invalid]]>
              </value>
            </param>
          </params>
          <reporter-output>
            <line>
              <![CDATA[uid invalid test passed]]>
            </line>
          </reporter-output>
        </test-method> <!-- uidTest -->
        <test-method signature="pwdTest(java.lang.String,java.lang.String)[pri:3, instance:tests.LoginTest4WithXml@413d1baf]" started-at="2021-07-07T13:40:50 IST" name="pwdTest" finished-at="2021-07-07T13:40:50 IST" depends-on-methods="tests.LoginTest4WithXml.uidTest" duration-ms="0" status="PASS">
          <params>
            <param index="0">
              <value>
                <![CDATA[N/A]]>
              </value>
            </param>
            <param index="1">
              <value>
                <![CDATA[N/A]]>
              </value>
            </param>
          </params>
          <reporter-output>
            <line>
              <![CDATA[No need to test password]]>
            </line>
          </reporter-output>
        </test-method> <!-- pwdTest -->
        <test-method signature="close()[pri:4, instance:tests.LoginTest4WithXml@413d1baf]" started-at="2021-07-07T13:40:50 IST" name="close" finished-at="2021-07-07T13:40:51 IST" duration-ms="716" status="PASS">
          <reporter-output>
          </reporter-output>
        </test-method> <!-- close -->
      </class> <!-- tests.LoginTest4WithXml -->
    </test> <!-- Iteration3 -->
    <test started-at="2021-07-07T13:40:09 IST" name="Iteration4" finished-at="2021-07-07T13:40:53 IST" duration-ms="43755">
      <class name="tests.LoginTest4WithXml">
        <test-method is-config="true" signature="setup()[pri:0, instance:tests.LoginTest4WithXml@5524cca1]" started-at="2021-07-07T13:40:09 IST" name="setup" finished-at="2021-07-07T13:40:09 IST" duration-ms="15" status="PASS">
          <reporter-output>
          </reporter-output>
        </test-method> <!-- setup -->
        <test-method signature="launch(java.lang.String)[pri:1, instance:tests.LoginTest4WithXml@5524cca1]" started-at="2021-07-07T13:40:09 IST" name="launch" finished-at="2021-07-07T13:40:41 IST" duration-ms="32161" status="PASS">
          <params>
            <param index="0">
              <value>
                <![CDATA[chrome]]>
              </value>
            </param>
          </params>
          <reporter-output>
          </reporter-output>
        </test-method> <!-- launch -->
        <test-method signature="uidTest(java.lang.String,java.lang.String)[pri:2, instance:tests.LoginTest4WithXml@5524cca1]" started-at="2021-07-07T13:40:41 IST" name="uidTest" finished-at="2021-07-07T13:40:47 IST" duration-ms="5543" status="PASS">
          <params>
            <param index="0">
              <value>
                <![CDATA[testernew51]]>
              </value>
            </param>
            <param index="1">
              <value>
                <![CDATA[valid]]>
              </value>
            </param>
          </params>
          <reporter-output>
            <line>
              <![CDATA[valid uid test passed]]>
            </line>
          </reporter-output>
        </test-method> <!-- uidTest -->
        <test-method signature="pwdTest(java.lang.String,java.lang.String)[pri:3, instance:tests.LoginTest4WithXml@5524cca1]" started-at="2021-07-07T13:40:47 IST" name="pwdTest" finished-at="2021-07-07T13:40:52 IST" depends-on-methods="tests.LoginTest4WithXml.uidTest" duration-ms="5297" status="PASS">
          <params>
            <param index="0">
              <value>
                <![CDATA[]]>
              </value>
            </param>
            <param index="1">
              <value>
                <![CDATA[blank]]>
              </value>
            </param>
          </params>
          <reporter-output>
            <line>
              <![CDATA[blank pwd test passed]]>
            </line>
          </reporter-output>
        </test-method> <!-- pwdTest -->
        <test-method signature="close()[pri:4, instance:tests.LoginTest4WithXml@5524cca1]" started-at="2021-07-07T13:40:52 IST" name="close" finished-at="2021-07-07T13:40:53 IST" duration-ms="696" status="PASS">
          <reporter-output>
          </reporter-output>
        </test-method> <!-- close -->
      </class> <!-- tests.LoginTest4WithXml -->
    </test> <!-- Iteration4 -->
    <test started-at="2021-07-07T13:40:09 IST" name="Iteration5" finished-at="2021-07-07T13:40:56 IST" duration-ms="47401">
      <class name="tests.LoginTest4WithXml">
        <test-method is-config="true" signature="setup()[pri:0, instance:tests.LoginTest4WithXml@57a78e3]" started-at="2021-07-07T13:40:09 IST" name="setup" finished-at="2021-07-07T13:40:09 IST" duration-ms="15" status="PASS">
          <reporter-output>
          </reporter-output>
        </test-method> <!-- setup -->
        <test-method signature="launch(java.lang.String)[pri:1, instance:tests.LoginTest4WithXml@57a78e3]" started-at="2021-07-07T13:40:09 IST" name="launch" finished-at="2021-07-07T13:40:45 IST" duration-ms="35746" status="PASS">
          <params>
            <param index="0">
              <value>
                <![CDATA[chrome]]>
              </value>
            </param>
          </params>
          <reporter-output>
          </reporter-output>
        </test-method> <!-- launch -->
        <test-method signature="uidTest(java.lang.String,java.lang.String)[pri:2, instance:tests.LoginTest4WithXml@57a78e3]" started-at="2021-07-07T13:40:45 IST" name="uidTest" finished-at="2021-07-07T13:40:50 IST" duration-ms="5447" status="PASS">
          <params>
            <param index="0">
              <value>
                <![CDATA[testernew51]]>
              </value>
            </param>
            <param index="1">
              <value>
                <![CDATA[valid]]>
              </value>
            </param>
          </params>
          <reporter-output>
            <line>
              <![CDATA[valid uid test passed]]>
            </line>
          </reporter-output>
        </test-method> <!-- uidTest -->
        <test-method signature="pwdTest(java.lang.String,java.lang.String)[pri:3, instance:tests.LoginTest4WithXml@57a78e3]" started-at="2021-07-07T13:40:50 IST" name="pwdTest" finished-at="2021-07-07T13:40:56 IST" depends-on-methods="tests.LoginTest4WithXml.uidTest" duration-ms="5391" status="PASS">
          <params>
            <param index="0">
              <value>
                <![CDATA[123456mail]]>
              </value>
            </param>
            <param index="1">
              <value>
                <![CDATA[invalid]]>
              </value>
            </param>
          </params>
          <reporter-output>
            <line>
              <![CDATA[invalid pwd test passed]]>
            </line>
          </reporter-output>
        </test-method> <!-- pwdTest -->
        <test-method signature="close()[pri:4, instance:tests.LoginTest4WithXml@57a78e3]" started-at="2021-07-07T13:40:56 IST" name="close" finished-at="2021-07-07T13:40:56 IST" duration-ms="756" status="PASS">
          <reporter-output>
          </reporter-output>
        </test-method> <!-- close -->
      </class> <!-- tests.LoginTest4WithXml -->
    </test> <!-- Iteration5 -->
    <test started-at="2021-07-07T13:40:09 IST" name="Iteration1" finished-at="2021-07-07T13:42:32 IST" duration-ms="143378">
      <class name="tests.LoginTest4WithXml">
        <test-method is-config="true" signature="setup()[pri:0, instance:tests.LoginTest4WithXml@4b741d6d]" started-at="2021-07-07T13:40:09 IST" name="setup" finished-at="2021-07-07T13:40:09 IST" duration-ms="15" status="PASS">
          <reporter-output>
          </reporter-output>
        </test-method> <!-- setup -->
        <test-method signature="launch(java.lang.String)[pri:1, instance:tests.LoginTest4WithXml@4b741d6d]" started-at="2021-07-07T13:40:09 IST" name="launch" finished-at="2021-07-07T13:40:41 IST" duration-ms="32445" status="PASS">
          <params>
            <param index="0">
              <value>
                <![CDATA[chrome]]>
              </value>
            </param>
          </params>
          <reporter-output>
          </reporter-output>
        </test-method> <!-- launch -->
        <test-method signature="uidTest(java.lang.String,java.lang.String)[pri:2, instance:tests.LoginTest4WithXml@4b741d6d]" started-at="2021-07-07T13:40:41 IST" name="uidTest" finished-at="2021-07-07T13:40:47 IST" duration-ms="5534" status="PASS">
          <params>
            <param index="0">
              <value>
                <![CDATA[testernew51]]>
              </value>
            </param>
            <param index="1">
              <value>
                <![CDATA[valid]]>
              </value>
            </param>
          </params>
          <reporter-output>
            <line>
              <![CDATA[valid uid test passed]]>
            </line>
          </reporter-output>
        </test-method> <!-- uidTest -->
        <test-method signature="pwdTest(java.lang.String,java.lang.String)[pri:3, instance:tests.LoginTest4WithXml@4b741d6d]" started-at="2021-07-07T13:40:47 IST" name="pwdTest" finished-at="2021-07-07T13:42:32 IST" depends-on-methods="tests.LoginTest4WithXml.uidTest" duration-ms="104646" status="PASS">
          <params>
            <param index="0">
              <value>
                <![CDATA[123456@mail]]>
              </value>
            </param>
            <param index="1">
              <value>
                <![CDATA[valid]]>
              </value>
            </param>
          </params>
          <reporter-output>
            <line>
              <![CDATA[valid pwd test passed]]>
            </line>
          </reporter-output>
        </test-method> <!-- pwdTest -->
        <test-method signature="close()[pri:4, instance:tests.LoginTest4WithXml@4b741d6d]" started-at="2021-07-07T13:42:32 IST" name="close" finished-at="2021-07-07T13:42:32 IST" duration-ms="694" status="PASS">
          <reporter-output>
          </reporter-output>
        </test-method> <!-- close -->
      </class> <!-- tests.LoginTest4WithXml -->
    </test> <!-- Iteration1 -->
  </suite> <!-- Suite -->
</testng-results>
